** ComfyUI startup time: 2024-03-04 11:57:08.529615
[2024-03-04 11:57] ** Platform: Windows
[2024-03-04 11:57] ** Python version: 3.10.9 (tags/v3.10.9:1dd9be6, Dec  6 2022, 20:01:21) [MSC v.1934 64 bit (AMD64)]
[2024-03-04 11:57] ** Python executable: C:\Python310\python.exe
[2024-03-04 11:57] ** Log path: C:\Users\Lightmapper\Documents\GitHub\ComfyUI\comfyui.log
[2024-03-04 11:57] 
Prestartup times for custom nodes:
[2024-03-04 11:57]    0.0 seconds: C:\Users\Lightmapper\Documents\GitHub\ComfyUI\custom_nodes\rgthree-comfy
[2024-03-04 11:57]    0.1 seconds: C:\Users\Lightmapper\Documents\GitHub\ComfyUI\custom_nodes\ComfyUI-Manager
[2024-03-04 11:57] 
[2024-03-04 11:57] Total VRAM 24576 MB, total RAM 65451 MB
[2024-03-04 11:57] Set vram state to: NORMAL_VRAM
[2024-03-04 11:57] Device: cuda:0 NVIDIA GeForce RTX 3090 : cudaMallocAsync
[2024-03-04 11:57] VAE dtype: torch.bfloat16
[2024-03-04 11:57] Using pytorch cross attention
[2024-03-04 11:57] ### Loading: ComfyUI-Manager (V2.8.3)
[2024-03-04 11:57] ### ComfyUI Revision: 2034 [a4555833] | Released on '2024-02-28'
[36;20m[comfyui_controlnet_aux] | INFO -> Using ckpts path: C:\Users\Lightmapper\Documents\GitHub\ComfyUI\custom_nodes\comfyui_controlnet_aux\ckpts[0m
[2024-03-04 11:57] [36;20m[comfyui_controlnet_aux] | INFO -> Using symlinks: False[0m
[2024-03-04 11:57] [36;20m[comfyui_controlnet_aux] | INFO -> Using ort providers: ['CUDAExecutionProvider', 'DirectMLExecutionProvider', 'OpenVINOExecutionProvider', 'ROCMExecutionProvider', 'CPUExecutionProvider', 'CoreMLExecutionProvider'][0m
[2024-03-04 11:57] [ComfyUI-Manager] default cache updated: https://raw.githubusercontent.com/ltdrdata/ComfyUI-Manager/main/model-list.json
[2024-03-04 11:57] [ComfyUI-Manager] default cache updated: https://raw.githubusercontent.com/ltdrdata/ComfyUI-Manager/main/alter-list.json
[2024-03-04 11:57] [ComfyUI-Manager] default cache updated: https://raw.githubusercontent.com/ltdrdata/ComfyUI-Manager/main/extension-node-map.json
[2024-03-04 11:57] [ComfyUI-Manager] default cache updated: https://raw.githubusercontent.com/ltdrdata/ComfyUI-Manager/main/custom-node-list.json
[2024-03-04 11:57] 
[2024-03-04 11:57] [92m[rgthree] Loaded 35 exciting nodes.[0m
[2024-03-04 11:57] [92m[rgthree] Will use rgthree's optimized recursive execution.[0m
[2024-03-04 11:57] 
[2024-03-04 11:57] 
Import times for custom nodes:
[2024-03-04 11:57]    0.0 seconds: C:\Users\Lightmapper\Documents\GitHub\ComfyUI\custom_nodes\ComfyUI-seamless-tiling
[2024-03-04 11:57]    0.0 seconds: C:\Users\Lightmapper\Documents\GitHub\ComfyUI\custom_nodes\ComfyUI_UltimateSDUpscale
[2024-03-04 11:57]    0.0 seconds: C:\Users\Lightmapper\Documents\GitHub\ComfyUI\custom_nodes\rgthree-comfy
[2024-03-04 11:57]    0.1 seconds: C:\Users\Lightmapper\Documents\GitHub\ComfyUI\custom_nodes\ComfyUI-Flowty-LDSR
[2024-03-04 11:57]    0.4 seconds: C:\Users\Lightmapper\Documents\GitHub\ComfyUI\custom_nodes\ComfyUI-Manager
[2024-03-04 11:57]    1.7 seconds: C:\Users\Lightmapper\Documents\GitHub\ComfyUI\custom_nodes\comfyui_controlnet_aux
[2024-03-04 11:57] 
[2024-03-04 11:57] Starting server
[2024-03-04 11:57] 
[2024-03-04 11:57] To see the GUI go to: http://127.0.0.1:8188
